name: 找法网在线咨询, http://china.findlaw.cn/online
name: 财付通充游戏, http://game.tenpay.com
name: 中国二手车, http://www.zg2sc.cn
name: 知己网, http://www.zhiji.com
name: 北京站, http://www.bjrailwaystation.com.cn
name: 酷鹏网, http://icoupon.com.cn
name: 四川美术学院, http://www.scfai.edu.cn
name: 黄山学院, http://www.hsc.org.cn
name: 西昌学院, http://www.xcc.sc.cn
name: 四川文理学院, http://www.sasu.edu.cn
name: 绥化学院, http://www.shxy.net
name: 运城学院, http://www.ycu.edu.cn
name: 绵阳师范学院, http://www.mnu.cn
name: 辽宁工业大学, http://www.lnit.edu.cn
name: 辽宁石油化工大学, http://www.lnpu.edu.cn
name: 湖北美术学院, http://www.hifa.edu.cn
name: 广西艺术学院, http://www.gxai.cn
name: 狮城论坛[新加坡], http://bbs.sgchinese.com
name: 海口经济学院, http://www.hkc.edu.cn
name: 河南科技学院, http://www.hist.edu.cn
name: 中原工学院, http://www.zzti.edu.cn
name: 内蒙古师范大学, http://www.imnu.edu.cn
name: 银川市, http://www.yinchuan.gov.cn
name: 河北气象, http://www.weather.he.cninfo.net
name: 中国西安人才网, http://www.xajob.com
name: 美格中国, http://www.magchina.com
name: 大赢家宽频, http://v.788111.com/index.shtml
name: 西藏教育考试院, http://www.xzzsks.com.cn
name: 360圈交友, http://new.360quan.com/fzl/?afid=72&lev1=1616&ac=XXXXX&bc=XXXX
name: 合肥公交, http://www.hfbus.cn
name: 闽南理工学院, http://www.mnust.cn
name: 新余高等专科学校, http://www.xygz.net
name: 郭敬明小说, http://www.gjmcn.com/html/book
name: 福建装饰网, http://www.fjzs.com
name: 贵阳商业银行, http://www.gyccb.cn
name: 腾龙, http://www.tamron.com.cn
name: 西祠-人文社会, http://user.xici.net/cul
name: 佛学研究网, http://www.wuys.com
name: 中国铁合金网, http://www.cn-fe.com
name: 房管局, http://www.tjfdc.gov.cn
name: 无锡在线, http://www.wxzx.com
name: 无锡娱乐频道, http://enter.thmz.com
name: 无锡网通, http://www.wxnetcom.com
name: 无锡就业网, http://www.wuxijobs.com
name: 苏州教育资源网, http://www.szerc.com
name: 市委组织部, http://www.szzzb.gov.cn
name: 皇姑区, http://www.syhg.gov.cn
name: 市第三人民医院, http://www.wz31.com
name: 温州公安局, http://www.wzga.gov.cn
name: 饮食网, http://www.nbeat.com.cn
name: 安徽移动, http://ah.10086.cn
name: 绿色南昌, http://www.lsnc.cn
name: 广西招聘求职网, http://www.job114.net.cn
name: 武汉人才网, http://www.wuhanjob.com
name: 工商局, http://www.zzgs.gov.cn
name: 重庆人事局, http://www.cqpa.gov.cn
name: 石家庄联通, http://www.he.chinaunicom.com/hb_webapps/k/wsyyt.jsp
name: 银河人才网, http://job.inhe.net
name: 海西房产网, http://www.h0591.com
name: 独自旅行, http://younker1130.bokee.com
name: 龙江女性网, http://www.22179.com
